<?xml version="1.0" encoding="UTF-8"?>
<!-- Generated by org.testng.reporters.JUnitReportReporter -->
<testsuite hostname="VSPW039BQK" failures="0" tests="2" name="Section11.L03b_TestngXml2" time="0.000" errors="0" timestamp="2023-10-19T11:46:56 BST" skipped="0">
  <testcase classname="Section11.L03b_TestngXml2" name="method3" time="0.000"/>
  <system-out/>
  <testcase classname="Section11.L03b_TestngXml2" name="method4" time="0.000"/>
  <system-out/>
</testsuite> <!-- Section11.L03b_TestngXml2 -->
