<?xml version="1.0" encoding="UTF-8"?>
<!-- Generated by org.testng.reporters.JUnitReportReporter -->
<testsuite hostname="VSPW039BQK" failures="0" tests="3" name="Section11.L13_DependsOnMethods" time="7.058" errors="0" timestamp="2023-11-02T15:53:48 GMT" skipped="0">
  <testcase classname="Section11.L13_DependsOnMethods" name="enterPassword" time="2.055"/>
  <system-out/>
  <testcase classname="Section11.L13_DependsOnMethods" name="clickButton" time="2.899"/>
  <system-out/>
  <testcase classname="Section11.L13_DependsOnMethods" name="enterEmail" time="2.104"/>
  <system-out/>
</testsuite> <!-- Section11.L13_DependsOnMethods -->
