<?xml version="1.0" encoding="UTF-8"?>
<!-- Generated by org.testng.reporters.JUnitReportReporter -->
<testsuite hostname="VSPW039BQK" failures="0" tests="2" name="Section11.L03a_TestngXml" time="0.001" errors="0" timestamp="2023-10-19T11:46:56 BST" skipped="0">
  <testcase classname="Section11.L03a_TestngXml" name="method2" time="0.001"/>
  <system-out/>
  <testcase classname="Section11.L03a_TestngXml" name="method1" time="0.000"/>
  <system-out/>
</testsuite> <!-- Section11.L03a_TestngXml -->
