<?xml version="1.0" encoding="UTF-8"?>
<!-- Generated by org.testng.reporters.JUnitReportReporter -->
<testsuite hostname="VSPW039BQK" failures="0" tests="1" name="Section11.L08_Annotation_Pt1" time="2.162" errors="0" timestamp="2023-10-26T15:57:58 BST" skipped="0">
  <testcase classname="Section11.L08_Annotation_Pt1" name="test" time="2.162"/>
  <system-out/>
</testsuite> <!-- Section11.L08_Annotation_Pt1 -->
