<?xml version="1.0" encoding="UTF-8"?>
<!-- Generated by org.testng.reporters.JUnitReportReporter -->
<testsuite hostname="VSPW039BQK" failures="0" tests="2" name="Section11.L02_TestngInstall" time="0.006" errors="0" timestamp="2023-10-19T11:46:56 BST" skipped="0">
  <testcase classname="Section11.L02_TestngInstall" name="helloWorld2" time="0.001"/>
  <system-out/>
  <testcase classname="Section11.L02_TestngInstall" name="helloWorld" time="0.005"/>
  <system-out/>
</testsuite> <!-- Section11.L02_TestngInstall -->
