<?xml version="1.0" encoding="UTF-8"?>
<!-- Generated by org.testng.reporters.JUnitReportReporter -->
<testsuite hostname="VSPW039BQK" failures="0" tests="2" name="Section11.L14_Enabled" time="2.071" errors="0" timestamp="2023-11-02T15:55:33 GMT" skipped="1">
  <testcase classname="Section11.L14_Enabled" name="enterPassword" time="2.071"/>
  <system-out/>
  <testcase classname="Section11.L14_Enabled" name="enterEmail">
    <skipped/>
  </testcase> <!-- enterEmail -->
  <system-out/>
</testsuite> <!-- Section11.L14_Enabled -->
