<?xml version="1.0" encoding="UTF-8"?>
<!-- Generated by org.testng.reporters.JUnitReportReporter -->
<testsuite hostname="VSPW039BQK" failures="0" tests="1" name="Section11.L10a_TestngXml" time="0.006" errors="0" timestamp="2023-10-26T16:26:09 BST" skipped="0">
  <testcase classname="Section11.L10a_TestngXml" name="method1" time="0.006"/>
  <system-out/>
</testsuite> <!-- Section11.L10a_TestngXml -->
