<?xml version="1.0" encoding="UTF-8"?>
<!-- Generated by org.testng.reporters.JUnitReportReporter -->
<testsuite hostname="VSPW039BQK" failures="0" tests="1" name="Section11.L11_Parameters" time="11.116" errors="0" timestamp="2023-10-31T16:02:31 GMT" skipped="0">
  <testcase classname="Section11.L11_Parameters" name="signin" time="11.116"/>
  <system-out/>
</testsuite> <!-- Section11.L11_Parameters -->
