<?xml version="1.0" encoding="UTF-8"?>
<!-- Generated by org.testng.reporters.JUnitReportReporter -->
<testsuite hostname="VSPW039BQK" failures="0" tests="2" name="Section11.L04b_TestngXml2" time="0.006" errors="0" timestamp="2023-10-19T11:53:04 BST" skipped="0">
  <testcase classname="Section11.L04b_TestngXml2" name="method7" time="0.006"/>
  <system-out/>
  <testcase classname="Section11.L04b_TestngXml2" name="method9" time="0.000"/>
  <system-out/>
</testsuite> <!-- Section11.L04b_TestngXml2 -->
