<?xml version="1.0" encoding="UTF-8"?>
<!-- Generated by org.testng.reporters.JUnitReportReporter -->
<testsuite hostname="VSPW039BQK" failures="0" tests="3" name="Section11.L10b_TestngXml" time="0.003" errors="0" timestamp="2023-10-26T16:26:09 BST" skipped="0">
  <testcase classname="Section11.L10b_TestngXml" name="method5" time="0.001"/>
  <system-out/>
  <testcase classname="Section11.L10b_TestngXml" name="method4" time="0.001"/>
  <system-out/>
  <testcase classname="Section11.L10b_TestngXml" name="method3" time="0.001"/>
  <system-out/>
</testsuite> <!-- Section11.L10b_TestngXml -->
